[debug] [2022-07-16T08:34:20.114Z] ----------------------------------------------------------------------
[debug] [2022-07-16T08:34:20.117Z] Command:       C:\Program Files\nodejs\node.exe C:\Users\lucre\AppData\Roaming\npm\node_modules\firebase-tools\lib\bin\firebase.js init
[debug] [2022-07-16T08:34:20.117Z] CLI Version:   10.9.2
[debug] [2022-07-16T08:34:20.118Z] Platform:      win32
[debug] [2022-07-16T08:34:20.118Z] Node Version:  v16.13.1
[debug] [2022-07-16T08:34:20.120Z] Time:          Sat Jul 16 2022 18:34:20 GMT+1000 (hora estándar de Australia oriental)
[debug] [2022-07-16T08:34:20.120Z] ----------------------------------------------------------------------
[debug] 
[debug] [2022-07-16T08:34:20.196Z] > command requires scopes: ["email","openid","https://www.googleapis.com/auth/cloudplatformprojects.readonly","https://www.googleapis.com/auth/firebase","https://www.googleapis.com/auth/cloud-platform"]
[debug] [2022-07-16T08:34:20.196Z] > authorizing via signed-in user (lucreguisasola@gmail.com)
[info] 
     ######## #### ########  ######## ########     ###     ######  ########
     ##        ##  ##     ## ##       ##     ##  ##   ##  ##       ##
     ######    ##  ########  ######   ########  #########  ######  ######
     ##        ##  ##    ##  ##       ##     ## ##     ##       ## ##
     ##       #### ##     ## ######## ########  ##     ##  ######  ########

You're about to initialize a Firebase project in this directory:

  C:\Users\lucre\Desktop\Argentina-Programa\proyectos\AP-Front

Before we get started, keep in mind:

  * You are initializing within an existing Firebase project directory

[info] 
=== Project Setup
[info] 
[info] First, let's associate this project directory with a Firebase project.
[info] You can create multiple project aliases by running firebase use --add, 
[info] but for now we'll just set up a default project.
[info] 
[debug] [2022-07-16T08:35:31.366Z] Using project from CLI flag: portafolio-es
[debug] [2022-07-16T08:35:31.373Z] >>> [apiv2][query] GET https://firebase.googleapis.com/v1beta1/projects/portafolio-es [none]
[debug] [2022-07-16T08:35:32.570Z] <<< [apiv2][status] GET https://firebase.googleapis.com/v1beta1/projects/portafolio-es 200
[debug] [2022-07-16T08:35:32.571Z] <<< [apiv2][body] GET https://firebase.googleapis.com/v1beta1/projects/portafolio-es {"projectId":"portafolio-es","projectNumber":"574167816171","displayName":"AP-portafolio-front","name":"projects/portafolio-es","resources":{"hostingSite":"portafolio-es"},"state":"ACTIVE"}
[info] i  Using project portafolio-es (AP-portafolio-front) 
[info] 
=== Hosting Setup
[info] 
[info] Your public directory is the folder (relative to your project directory) that
[info] will contain Hosting assets to be uploaded with firebase deploy. If you
[info] have a build process for your assets, use your build's output directory.
[info] 
